e:\uad\6to\chemonky\createworlds\behavioralstatemachine\debug\behavioralstatemachine.pdb
e:\uad\6to\chemonky\createworlds\behavioralstatemachine\debug\behavioralstatemachine.idb
e:\uad\6to\chemonky\createworlds\behavioralstatemachine\debug\cfaction.obj
e:\uad\6to\chemonky\createworlds\behavioralstatemachine\debug\cmanager.obj
e:\uad\6to\chemonky\createworlds\behavioralstatemachine\debug\ctypes.obj
e:\uad\6to\chemonky\createworlds\behavioralstatemachine\debug\cweapontype.obj
e:\uad\6to\chemonky\createworlds\behavioralstatemachine\debug\cattack.obj
e:\uad\6to\chemonky\createworlds\behavioralstatemachine\debug\cbuild.obj
e:\uad\6to\chemonky\createworlds\behavioralstatemachine\debug\cdead.obj
e:\uad\6to\chemonky\createworlds\behavioralstatemachine\debug\cfsm.obj
e:\uad\6to\chemonky\createworlds\behavioralstatemachine\debug\cgarrison.obj
e:\uad\6to\chemonky\createworlds\behavioralstatemachine\debug\cidle.obj
e:\uad\6to\chemonky\createworlds\behavioralstatemachine\debug\cmoveto.obj
e:\uad\6to\chemonky\createworlds\behavioralstatemachine\debug\crecollect.obj
e:\uad\6to\chemonky\createworlds\behavioralstatemachine\debug\croting.obj
e:\uad\6to\chemonky\createworlds\behavioralstatemachine\debug\cunits.obj
e:\uad\6to\chemonky\createworlds\debug\behavioralstatemachine.lib
e:\uad\6to\chemonky\createworlds\debug\behavioralstatemachine.pdb
e:\uad\6to\chemonky\createworlds\behavioralstatemachine\debug\behavior.eadd5cf0.tlog\cl.command.1.tlog
e:\uad\6to\chemonky\createworlds\behavioralstatemachine\debug\behavior.eadd5cf0.tlog\cl.read.1.tlog
e:\uad\6to\chemonky\createworlds\behavioralstatemachine\debug\behavior.eadd5cf0.tlog\cl.write.1.tlog
e:\uad\6to\chemonky\createworlds\behavioralstatemachine\debug\behavior.eadd5cf0.tlog\lib-link.read.1.tlog
e:\uad\6to\chemonky\createworlds\behavioralstatemachine\debug\behavior.eadd5cf0.tlog\lib-link.write.1.tlog
e:\uad\6to\chemonky\createworlds\behavioralstatemachine\debug\behavior.eadd5cf0.tlog\lib.command.1.tlog
