e:\uad\6to\chemonky\createworlds\gamemonkey\debug\gamemonkey.pdb
e:\uad\6to\chemonky\createworlds\gamemonkey\debug\gamemonkey.idb
e:\uad\6to\chemonky\createworlds\gamemonkey\debug\gmdebugger.obj
e:\uad\6to\chemonky\createworlds\gamemonkey\debug\gmhash.obj
e:\uad\6to\chemonky\createworlds\gamemonkey\debug\gmincgc.obj
e:\uad\6to\chemonky\createworlds\gamemonkey\debug\gmlibhooks.obj
e:\uad\6to\chemonky\createworlds\gamemonkey\debug\gmlistdouble.obj
e:\uad\6to\chemonky\createworlds\gamemonkey\debug\gmlog.obj
e:\uad\6to\chemonky\createworlds\gamemonkey\debug\gmmachinelib.obj
e:\uad\6to\chemonky\createworlds\gamemonkey\debug\gmmem.obj
e:\uad\6to\chemonky\createworlds\gamemonkey\debug\gmmemchain.obj
e:\uad\6to\chemonky\createworlds\gamemonkey\debug\gmmemfixed.obj
e:\uad\6to\chemonky\createworlds\gamemonkey\debug\gmmemfixedset.obj
e:\uad\6to\chemonky\createworlds\gamemonkey\debug\gmoperators.obj
e:\uad\6to\chemonky\createworlds\gamemonkey\debug\gmstream.obj
e:\uad\6to\chemonky\createworlds\gamemonkey\debug\gmstreambuffer.obj
e:\uad\6to\chemonky\createworlds\gamemonkey\debug\gmstringobject.obj
e:\uad\6to\chemonky\createworlds\gamemonkey\debug\gmtableobject.obj
e:\uad\6to\chemonky\createworlds\gamemonkey\debug\gmthread.obj
e:\uad\6to\chemonky\createworlds\gamemonkey\debug\gmuserobject.obj
e:\uad\6to\chemonky\createworlds\gamemonkey\debug\gmutil.obj
e:\uad\6to\chemonky\createworlds\gamemonkey\debug\gmvariable.obj
e:\uad\6to\chemonky\createworlds\gamemonkey\debug\gmarraysimple.obj
e:\uad\6to\chemonky\createworlds\gamemonkey\debug\gmbytecodegen.obj
e:\uad\6to\chemonky\createworlds\gamemonkey\debug\gmcodegen.obj
e:\uad\6to\chemonky\createworlds\gamemonkey\debug\gmcodegenhooks.obj
e:\uad\6to\chemonky\createworlds\gamemonkey\debug\gmcrc.obj
e:\uad\6to\chemonky\createworlds\gamemonkey\debug\gmdebug.obj
e:\uad\6to\chemonky\createworlds\gamemonkey\debug\gmfunctionobject.obj
e:\uad\6to\chemonky\createworlds\gamemonkey\debug\gamemonkey.tlog\cl.command.1.tlog
e:\uad\6to\chemonky\createworlds\gamemonkey\debug\gamemonkey.tlog\cl.read.1.tlog
e:\uad\6to\chemonky\createworlds\gamemonkey\debug\gamemonkey.tlog\cl.write.1.tlog
