  gmVariable.cpp
e:\uad\6to\chemonky\createworlds\gamemonkey\gmvariable.h(165): warning C4311: 'type cast': pointer truncation from 'const gmObject *const ' to 'gmptr'
e:\uad\6to\chemonky\createworlds\gamemonkey\gmvariable.h(165): warning C4302: 'type cast': truncation from 'const gmObject *const ' to 'gmptr'
e:\uad\6to\chemonky\createworlds\gamemonkey\gmvariable.h(249): warning C4312: 'type cast': conversion from 'const gmptr' to 'gmStringObject *' of greater size
e:\uad\6to\chemonky\createworlds\gamemonkey\gmvariable.h(259): warning C4312: 'type cast': conversion from 'const gmptr' to 'gmTableObject *' of greater size
e:\uad\6to\chemonky\createworlds\gamemonkey\gmvariable.h(268): warning C4312: 'type cast': conversion from 'const gmptr' to 'gmFunctionObject *' of greater size
e:\uad\6to\chemonky\createworlds\gamemonkey\gmhash.h(174): warning C4311: 'type cast': pointer truncation from 'const void *' to 'gmuint'
e:\uad\6to\chemonky\createworlds\gamemonkey\gmhash.h(174): warning C4302: 'type cast': truncation from 'const void *' to 'gmuint'
e:\uad\6to\chemonky\createworlds\gamemonkey\gmmachine.h(690): warning C4312: 'type cast': conversion from 'gmptr' to 'gmObject *' of greater size
e:\uad\6to\chemonky\createworlds\gamemonkey\gmthread.h(296): warning C4311: 'type cast': pointer truncation from 'gmStringObject *' to 'gmptr'
e:\uad\6to\chemonky\createworlds\gamemonkey\gmthread.h(296): warning C4302: 'type cast': truncation from 'gmStringObject *' to 'gmptr'
e:\uad\6to\chemonky\createworlds\gamemonkey\gmthread.h(303): warning C4311: 'type cast': pointer truncation from 'gmTableObject *' to 'gmptr'
e:\uad\6to\chemonky\createworlds\gamemonkey\gmthread.h(303): warning C4302: 'type cast': truncation from 'gmTableObject *' to 'gmptr'
e:\uad\6to\chemonky\createworlds\gamemonkey\gmthread.h(310): warning C4311: 'type cast': pointer truncation from 'gmFunctionObject *' to 'gmptr'
e:\uad\6to\chemonky\createworlds\gamemonkey\gmthread.h(310): warning C4302: 'type cast': truncation from 'gmFunctionObject *' to 'gmptr'
e:\uad\6to\chemonky\createworlds\gamemonkey\gmthread.h(324): warning C4311: 'type cast': pointer truncation from 'gmStringObject *' to 'gmptr'
e:\uad\6to\chemonky\createworlds\gamemonkey\gmthread.h(324): warning C4302: 'type cast': truncation from 'gmStringObject *' to 'gmptr'
e:\uad\6to\chemonky\createworlds\gamemonkey\gmthread.h(324): warning C4312: 'type cast': conversion from 'gmptr' to 'gmStringObject *' of greater size
e:\uad\6to\chemonky\createworlds\gamemonkey\gmthread.h(331): warning C4311: 'type cast': pointer truncation from 'gmTableObject *' to 'gmptr'
e:\uad\6to\chemonky\createworlds\gamemonkey\gmthread.h(331): warning C4302: 'type cast': truncation from 'gmTableObject *' to 'gmptr'
e:\uad\6to\chemonky\createworlds\gamemonkey\gmthread.h(331): warning C4312: 'type cast': conversion from 'gmptr' to 'gmTableObject *' of greater size
e:\uad\6to\chemonky\createworlds\gamemonkey\gmthread.h(338): warning C4311: 'type cast': pointer truncation from 'gmUserObject *' to 'gmptr'
e:\uad\6to\chemonky\createworlds\gamemonkey\gmthread.h(338): warning C4302: 'type cast': truncation from 'gmUserObject *' to 'gmptr'
e:\uad\6to\chemonky\createworlds\gamemonkey\gmthread.h(338): warning C4312: 'type cast': conversion from 'gmptr' to 'gmUserObject *' of greater size
e:\uad\6to\chemonky\createworlds\gamemonkey\gmvariable.cpp(100): warning C4312: 'type cast': conversion from 'const gmptr' to 'gmStringObject *' of greater size
e:\uad\6to\chemonky\createworlds\gamemonkey\gmvariable.cpp(110): warning C4312: 'type cast': conversion from 'const gmptr' to 'gmUserObject *' of greater size
  gmUtil.cpp
  gmUserObject.cpp
e:\uad\6to\chemonky\createworlds\gamemonkey\gmvariable.h(165): warning C4311: 'type cast': pointer truncation from 'const gmObject *const ' to 'gmptr'
e:\uad\6to\chemonky\createworlds\gamemonkey\gmvariable.h(165): warning C4302: 'type cast': truncation from 'const gmObject *const ' to 'gmptr'
e:\uad\6to\chemonky\createworlds\gamemonkey\gmvariable.h(249): warning C4312: 'type cast': conversion from 'const gmptr' to 'gmStringObject *' of greater size
e:\uad\6to\chemonky\createworlds\gamemonkey\gmvariable.h(259): warning C4312: 'type cast': conversion from 'const gmptr' to 'gmTableObject *' of greater size
e:\uad\6to\chemonky\createworlds\gamemonkey\gmvariable.h(268): warning C4312: 'type cast': conversion from 'const gmptr' to 'gmFunctionObject *' of greater size
e:\uad\6to\chemonky\createworlds\gamemonkey\gmhash.h(174): warning C4311: 'type cast': pointer truncation from 'const void *' to 'gmuint'
e:\uad\6to\chemonky\createworlds\gamemonkey\gmhash.h(174): warning C4302: 'type cast': truncation from 'const void *' to 'gmuint'
e:\uad\6to\chemonky\createworlds\gamemonkey\gmmachine.h(690): warning C4312: 'type cast': conversion from 'gmptr' to 'gmObject *' of greater size
  gmThread.cpp
e:\uad\6to\chemonky\createworlds\gamemonkey\gmhash.h(174): warning C4311: 'type cast': pointer truncation from 'const void *' to 'gmuint'
e:\uad\6to\chemonky\createworlds\gamemonkey\gmhash.h(174): warning C4302: 'type cast': truncation from 'const void *' to 'gmuint'
e:\uad\6to\chemonky\createworlds\gamemonkey\gmvariable.h(165): warning C4311: 'type cast': pointer truncation from 'const gmObject *const ' to 'gmptr'
e:\uad\6to\chemonky\createworlds\gamemonkey\gmvariable.h(165): warning C4302: 'type cast': truncation from 'const gmObject *const ' to 'gmptr'
e:\uad\6to\chemonky\createworlds\gamemonkey\gmvariable.h(249): warning C4312: 'type cast': conversion from 'const gmptr' to 'gmStringObject *' of greater size
e:\uad\6to\chemonky\createworlds\gamemonkey\gmvariable.h(259): warning C4312: 'type cast': conversion from 'const gmptr' to 'gmTableObject *' of greater size
e:\uad\6to\chemonky\createworlds\gamemonkey\gmvariable.h(268): warning C4312: 'type cast': conversion from 'const gmptr' to 'gmFunctionObject *' of greater size
e:\uad\6to\chemonky\createworlds\gamemonkey\gmmachine.h(690): warning C4312: 'type cast': conversion from 'gmptr' to 'gmObject *' of greater size
e:\uad\6to\chemonky\createworlds\gamemonkey\gmthread.h(296): warning C4311: 'type cast': pointer truncation from 'gmStringObject *' to 'gmptr'
e:\uad\6to\chemonky\createworlds\gamemonkey\gmthread.h(296): warning C4302: 'type cast': truncation from 'gmStringObject *' to 'gmptr'
e:\uad\6to\chemonky\createworlds\gamemonkey\gmthread.h(303): warning C4311: 'type cast': pointer truncation from 'gmTableObject *' to 'gmptr'
e:\uad\6to\chemonky\createworlds\gamemonkey\gmthread.h(303): warning C4302: 'type cast': truncation from 'gmTableObject *' to 'gmptr'
e:\uad\6to\chemonky\createworlds\gamemonkey\gmthread.h(310): warning C4311: 'type cast': pointer truncation from 'gmFunctionObject *' to 'gmptr'
e:\uad\6to\chemonky\createworlds\gamemonkey\gmthread.h(310): warning C4302: 'type cast': truncation from 'gmFunctionObject *' to 'gmptr'
e:\uad\6to\chemonky\createworlds\gamemonkey\gmthread.h(324): warning C4311: 'type cast': pointer truncation from 'gmStringObject *' to 'gmptr'
e:\uad\6to\chemonky\createworlds\gamemonkey\gmthread.h(324): warning C4302: 'type cast': truncation from 'gmStringObject *' to 'gmptr'
e:\uad\6to\chemonky\createworlds\gamemonkey\gmthread.h(324): warning C4312: 'type cast': conversion from 'gmptr' to 'gmStringObject *' of greater size
e:\uad\6to\chemonky\createworlds\gamemonkey\gmthread.h(331): warning C4311: 'type cast': pointer truncation from 'gmTableObject *' to 'gmptr'
e:\uad\6to\chemonky\createworlds\gamemonkey\gmthread.h(331): warning C4302: 'type cast': truncation from 'gmTableObject *' to 'gmptr'
e:\uad\6to\chemonky\createworlds\gamemonkey\gmthread.h(331): warning C4312: 'type cast': conversion from 'gmptr' to 'gmTableObject *' of greater size
e:\uad\6to\chemonky\createworlds\gamemonkey\gmthread.h(338): warning C4311: 'type cast': pointer truncation from 'gmUserObject *' to 'gmptr'
e:\uad\6to\chemonky\createworlds\gamemonkey\gmthread.h(338): warning C4302: 'type cast': truncation from 'gmUserObject *' to 'gmptr'
e:\uad\6to\chemonky\createworlds\gamemonkey\gmthread.h(338): warning C4312: 'type cast': conversion from 'gmptr' to 'gmUserObject *' of greater size
  gmTableObject.cpp
e:\uad\6to\chemonky\createworlds\gamemonkey\gmvariable.h(165): warning C4311: 'type cast': pointer truncation from 'const gmObject *const ' to 'gmptr'
e:\uad\6to\chemonky\createworlds\gamemonkey\gmvariable.h(165): warning C4302: 'type cast': truncation from 'const gmObject *const ' to 'gmptr'
e:\uad\6to\chemonky\createworlds\gamemonkey\gmvariable.h(249): warning C4312: 'type cast': conversion from 'const gmptr' to 'gmStringObject *' of greater size
e:\uad\6to\chemonky\createworlds\gamemonkey\gmvariable.h(259): warning C4312: 'type cast': conversion from 'const gmptr' to 'gmTableObject *' of greater size
e:\uad\6to\chemonky\createworlds\gamemonkey\gmvariable.h(268): warning C4312: 'type cast': conversion from 'const gmptr' to 'gmFunctionObject *' of greater size
e:\uad\6to\chemonky\createworlds\gamemonkey\gmhash.h(174): warning C4311: 'type cast': pointer truncation from 'const void *' to 'gmuint'
e:\uad\6to\chemonky\createworlds\gamemonkey\gmhash.h(174): warning C4302: 'type cast': truncation from 'const void *' to 'gmuint'
e:\uad\6to\chemonky\createworlds\gamemonkey\gmmachine.h(690): warning C4312: 'type cast': conversion from 'gmptr' to 'gmObject *' of greater size
e:\uad\6to\chemonky\createworlds\gamemonkey\gmthread.h(296): warning C4311: 'type cast': pointer truncation from 'gmStringObject *' to 'gmptr'
e:\uad\6to\chemonky\createworlds\gamemonkey\gmthread.h(296): warning C4302: 'type cast': truncation from 'gmStringObject *' to 'gmptr'
e:\uad\6to\chemonky\createworlds\gamemonkey\gmthread.h(303): warning C4311: 'type cast': pointer truncation from 'gmTableObject *' to 'gmptr'
e:\uad\6to\chemonky\createworlds\gamemonkey\gmthread.h(303): warning C4302: 'type cast': truncation from 'gmTableObject *' to 'gmptr'
e:\uad\6to\chemonky\createworlds\gamemonkey\gmthread.h(310): warning C4311: 'type cast': pointer truncation from 'gmFunctionObject *' to 'gmptr'
e:\uad\6to\chemonky\createworlds\gamemonkey\gmthread.h(310): warning C4302: 'type cast': truncation from 'gmFunctionObject *' to 'gmptr'
e:\uad\6to\chemonky\createworlds\gamemonkey\gmthread.h(324): warning C4311: 'type cast': pointer truncation from 'gmStringObject *' to 'gmptr'
e:\uad\6to\chemonky\createworlds\gamemonkey\gmthread.h(324): warning C4302: 'type cast': truncation from 'gmStringObject *' to 'gmptr'
e:\uad\6to\chemonky\createworlds\gamemonkey\gmthread.h(324): warning C4312: 'type cast': conversion from 'gmptr' to 'gmStringObject *' of greater size
e:\uad\6to\chemonky\createworlds\gamemonkey\gmthread.h(331): warning C4311: 'type cast': pointer truncation from 'gmTableObject *' to 'gmptr'
e:\uad\6to\chemonky\createworlds\gamemonkey\gmthread.h(331): warning C4302: 'type cast': truncation from 'gmTableObject *' to 'gmptr'
e:\uad\6to\chemonky\createworlds\gamemonkey\gmthread.h(331): warning C4312: 'type cast': conversion from 'gmptr' to 'gmTableObject *' of greater size
e:\uad\6to\chemonky\createworlds\gamemonkey\gmthread.h(338): warning C4311: 'type cast': pointer truncation from 'gmUserObject *' to 'gmptr'
e:\uad\6to\chemonky\createworlds\gamemonkey\gmthread.h(338): warning C4302: 'type cast': truncation from 'gmUserObject *' to 'gmptr'
e:\uad\6to\chemonky\createworlds\gamemonkey\gmthread.h(338): warning C4312: 'type cast': conversion from 'gmptr' to 'gmUserObject *' of greater size
e:\uad\6to\chemonky\createworlds\gamemonkey\gmtableobject.cpp(205): warning C4312: 'type cast': conversion from 'gmptr' to 'gmObject *' of greater size
e:\uad\6to\chemonky\createworlds\gamemonkey\gmtableobject.cpp(209): warning C4312: 'type cast': conversion from 'gmptr' to 'gmObject *' of greater size
e:\uad\6to\chemonky\createworlds\gamemonkey\gmtableobject.cpp(243): warning C4312: 'type cast': conversion from 'gmptr' to 'gmObject *' of greater size
e:\uad\6to\chemonky\createworlds\gamemonkey\gmtableobject.cpp(454): warning C4312: 'type cast': conversion from 'gmptr' to 'gmStringObject *' of greater size
  gmStringObject.cpp
e:\uad\6to\chemonky\createworlds\gamemonkey\gmvariable.h(165): warning C4311: 'type cast': pointer truncation from 'const gmObject *const ' to 'gmptr'
e:\uad\6to\chemonky\createworlds\gamemonkey\gmvariable.h(165): warning C4302: 'type cast': truncation from 'const gmObject *const ' to 'gmptr'
e:\uad\6to\chemonky\createworlds\gamemonkey\gmvariable.h(249): warning C4312: 'type cast': conversion from 'const gmptr' to 'gmStringObject *' of greater size
e:\uad\6to\chemonky\createworlds\gamemonkey\gmvariable.h(259): warning C4312: 'type cast': conversion from 'const gmptr' to 'gmTableObject *' of greater size
e:\uad\6to\chemonky\createworlds\gamemonkey\gmvariable.h(268): warning C4312: 'type cast': conversion from 'const gmptr' to 'gmFunctionObject *' of greater size
e:\uad\6to\chemonky\createworlds\gamemonkey\gmhash.h(174): warning C4311: 'type cast': pointer truncation from 'const void *' to 'gmuint'
e:\uad\6to\chemonky\createworlds\gamemonkey\gmhash.h(174): warning C4302: 'type cast': truncation from 'const void *' to 'gmuint'
e:\uad\6to\chemonky\createworlds\gamemonkey\gmmachine.h(690): warning C4312: 'type cast': conversion from 'gmptr' to 'gmObject *' of greater size
  gmStreamBuffer.cpp
  gmStream.cpp
  gmOperators.cpp
e:\uad\6to\chemonky\createworlds\gamemonkey\gmvariable.h(165): warning C4311: 'type cast': pointer truncation from 'const gmObject *const ' to 'gmptr'
e:\uad\6to\chemonky\createworlds\gamemonkey\gmvariable.h(165): warning C4302: 'type cast': truncation from 'const gmObject *const ' to 'gmptr'
e:\uad\6to\chemonky\createworlds\gamemonkey\gmvariable.h(249): warning C4312: 'type cast': conversion from 'const gmptr' to 'gmStringObject *' of greater size
e:\uad\6to\chemonky\createworlds\gamemonkey\gmvariable.h(259): warning C4312: 'type cast': conversion from 'const gmptr' to 'gmTableObject *' of greater size
e:\uad\6to\chemonky\createworlds\gamemonkey\gmvariable.h(268): warning C4312: 'type cast': conversion from 'const gmptr' to 'gmFunctionObject *' of greater size
e:\uad\6to\chemonky\createworlds\gamemonkey\gmhash.h(174): warning C4311: 'type cast': pointer truncation from 'const void *' to 'gmuint'
e:\uad\6to\chemonky\createworlds\gamemonkey\gmhash.h(174): warning C4302: 'type cast': truncation from 'const void *' to 'gmuint'
e:\uad\6to\chemonky\createworlds\gamemonkey\gmmachine.h(690): warning C4312: 'type cast': conversion from 'gmptr' to 'gmObject *' of greater size
e:\uad\6to\chemonky\createworlds\gamemonkey\gmthread.h(296): warning C4311: 'type cast': pointer truncation from 'gmStringObject *' to 'gmptr'
e:\uad\6to\chemonky\createworlds\gamemonkey\gmthread.h(296): warning C4302: 'type cast': truncation from 'gmStringObject *' to 'gmptr'
e:\uad\6to\chemonky\createworlds\gamemonkey\gmthread.h(303): warning C4311: 'type cast': pointer truncation from 'gmTableObject *' to 'gmptr'
e:\uad\6to\chemonky\createworlds\gamemonkey\gmthread.h(303): warning C4302: 'type cast': truncation from 'gmTableObject *' to 'gmptr'
e:\uad\6to\chemonky\createworlds\gamemonkey\gmthread.h(310): warning C4311: 'type cast': pointer truncation from 'gmFunctionObject *' to 'gmptr'
e:\uad\6to\chemonky\createworlds\gamemonkey\gmthread.h(310): warning C4302: 'type cast': truncation from 'gmFunctionObject *' to 'gmptr'
e:\uad\6to\chemonky\createworlds\gamemonkey\gmthread.h(324): warning C4311: 'type cast': pointer truncation from 'gmStringObject *' to 'gmptr'
e:\uad\6to\chemonky\createworlds\gamemonkey\gmthread.h(324): warning C4302: 'type cast': truncation from 'gmStringObject *' to 'gmptr'
e:\uad\6to\chemonky\createworlds\gamemonkey\gmthread.h(324): warning C4312: 'type cast': conversion from 'gmptr' to 'gmStringObject *' of greater size
e:\uad\6to\chemonky\createworlds\gamemonkey\gmthread.h(331): warning C4311: 'type cast': pointer truncation from 'gmTableObject *' to 'gmptr'
e:\uad\6to\chemonky\createworlds\gamemonkey\gmthread.h(331): warning C4302: 'type cast': truncation from 'gmTableObject *' to 'gmptr'
e:\uad\6to\chemonky\createworlds\gamemonkey\gmthread.h(331): warning C4312: 'type cast': conversion from 'gmptr' to 'gmTableObject *' of greater size
e:\uad\6to\chemonky\createworlds\gamemonkey\gmthread.h(338): warning C4311: 'type cast': pointer truncation from 'gmUserObject *' to 'gmptr'
e:\uad\6to\chemonky\createworlds\gamemonkey\gmthread.h(338): warning C4302: 'type cast': truncation from 'gmUserObject *' to 'gmptr'
e:\uad\6to\chemonky\createworlds\gamemonkey\gmthread.h(338): warning C4312: 'type cast': conversion from 'gmptr' to 'gmUserObject *' of greater size
e:\uad\6to\chemonky\createworlds\gamemonkey\gmoperators.cpp(382): warning C4311: 'type cast': pointer truncation from 'gmStringObject *' to 'gmptr'
e:\uad\6to\chemonky\createworlds\gamemonkey\gmoperators.cpp(382): warning C4302: 'type cast': truncation from 'gmStringObject *' to 'gmptr'
  gmMemFixedSet.cpp
  gmMemFixed.cpp
  gmMemChain.cpp
e:\uad\6to\chemonky\createworlds\gamemonkey\gmmemchain.cpp(108): warning C4311: 'type cast': pointer truncation from 'void *' to 'gmuptr'
e:\uad\6to\chemonky\createworlds\gamemonkey\gmmemchain.cpp(108): warning C4302: 'type cast': truncation from 'void *' to 'gmuptr'
e:\uad\6to\chemonky\createworlds\gamemonkey\gmmemchain.cpp(108): warning C4312: 'type cast': conversion from 'gmuptr' to 'void *' of greater size
e:\uad\6to\chemonky\createworlds\gamemonkey\gmmemchain.cpp(140): warning C4311: 'type cast': pointer truncation from 'void *' to 'gmuptr'
e:\uad\6to\chemonky\createworlds\gamemonkey\gmmemchain.cpp(140): warning C4302: 'type cast': truncation from 'void *' to 'gmuptr'
e:\uad\6to\chemonky\createworlds\gamemonkey\gmmemchain.cpp(145): warning C4311: 'type cast': pointer truncation from 'void *' to 'gmuptr'
e:\uad\6to\chemonky\createworlds\gamemonkey\gmmemchain.cpp(145): warning C4302: 'type cast': truncation from 'void *' to 'gmuptr'
e:\uad\6to\chemonky\createworlds\gamemonkey\gmmemchain.cpp(145): warning C4312: 'type cast': conversion from 'gmuptr' to 'void *' of greater size
e:\uad\6to\chemonky\createworlds\gamemonkey\gmmemchain.cpp(164): warning C4311: 'type cast': pointer truncation from 'void *' to 'gmuptr'
e:\uad\6to\chemonky\createworlds\gamemonkey\gmmemchain.cpp(164): warning C4302: 'type cast': truncation from 'void *' to 'gmuptr'
e:\uad\6to\chemonky\createworlds\gamemonkey\gmmemchain.cpp(164): warning C4312: 'type cast': conversion from 'gmuptr' to 'void *' of greater size
e:\uad\6to\chemonky\createworlds\gamemonkey\gmmemchain.cpp(167): warning C4311: 'type cast': pointer truncation from 'void *' to 'gmuptr'
e:\uad\6to\chemonky\createworlds\gamemonkey\gmmemchain.cpp(167): warning C4302: 'type cast': truncation from 'void *' to 'gmuptr'
e:\uad\6to\chemonky\createworlds\gamemonkey\gmmemchain.cpp(172): warning C4311: 'type cast': pointer truncation from 'void *' to 'gmuptr'
e:\uad\6to\chemonky\createworlds\gamemonkey\gmmemchain.cpp(172): warning C4302: 'type cast': truncation from 'void *' to 'gmuptr'
e:\uad\6to\chemonky\createworlds\gamemonkey\gmmemchain.cpp(172): warning C4312: 'type cast': conversion from 'gmuptr' to 'void *' of greater size
e:\uad\6to\chemonky\createworlds\gamemonkey\gmmemchain.cpp(176): warning C4311: 'type cast': pointer truncation from 'void *' to 'gmuptr'
e:\uad\6to\chemonky\createworlds\gamemonkey\gmmemchain.cpp(176): warning C4302: 'type cast': truncation from 'void *' to 'gmuptr'
e:\uad\6to\chemonky\createworlds\gamemonkey\gmmemchain.cpp(176): warning C4312: 'type cast': conversion from 'gmuptr' to 'void *' of greater size
e:\uad\6to\chemonky\createworlds\gamemonkey\gmmemchain.cpp(199): warning C4311: 'type cast': pointer truncation from 'void *' to 'gmuptr'
e:\uad\6to\chemonky\createworlds\gamemonkey\gmmemchain.cpp(199): warning C4302: 'type cast': truncation from 'void *' to 'gmuptr'
e:\uad\6to\chemonky\createworlds\gamemonkey\gmmemchain.cpp(204): warning C4311: 'type cast': pointer truncation from 'void *' to 'gmuptr'
e:\uad\6to\chemonky\createworlds\gamemonkey\gmmemchain.cpp(204): warning C4302: 'type cast': truncation from 'void *' to 'gmuptr'
e:\uad\6to\chemonky\createworlds\gamemonkey\gmmemchain.cpp(204): warning C4312: 'type cast': conversion from 'gmuptr' to 'void *' of greater size
  gmMem.cpp
  gmMachineLib.cpp
e:\uad\6to\chemonky\createworlds\gamemonkey\gmhash.h(174): warning C4311: 'type cast': pointer truncation from 'const void *' to 'gmuint'
e:\uad\6to\chemonky\createworlds\gamemonkey\gmhash.h(174): warning C4302: 'type cast': truncation from 'const void *' to 'gmuint'
e:\uad\6to\chemonky\createworlds\gamemonkey\gmvariable.h(165): warning C4311: 'type cast': pointer truncation from 'const gmObject *const ' to 'gmptr'
e:\uad\6to\chemonky\createworlds\gamemonkey\gmvariable.h(165): warning C4302: 'type cast': truncation from 'const gmObject *const ' to 'gmptr'
e:\uad\6to\chemonky\createworlds\gamemonkey\gmvariable.h(249): warning C4312: 'type cast': conversion from 'const gmptr' to 'gmStringObject *' of greater size
e:\uad\6to\chemonky\createworlds\gamemonkey\gmvariable.h(259): warning C4312: 'type cast': conversion from 'const gmptr' to 'gmTableObject *' of greater size
e:\uad\6to\chemonky\createworlds\gamemonkey\gmvariable.h(268): warning C4312: 'type cast': conversion from 'const gmptr' to 'gmFunctionObject *' of greater size
e:\uad\6to\chemonky\createworlds\gamemonkey\gmmachine.h(690): warning C4312: 'type cast': conversion from 'gmptr' to 'gmObject *' of greater size
e:\uad\6to\chemonky\createworlds\gamemonkey\gmthread.h(296): warning C4311: 'type cast': pointer truncation from 'gmStringObject *' to 'gmptr'
e:\uad\6to\chemonky\createworlds\gamemonkey\gmthread.h(296): warning C4302: 'type cast': truncation from 'gmStringObject *' to 'gmptr'
e:\uad\6to\chemonky\createworlds\gamemonkey\gmthread.h(303): warning C4311: 'type cast': pointer truncation from 'gmTableObject *' to 'gmptr'
e:\uad\6to\chemonky\createworlds\gamemonkey\gmthread.h(303): warning C4302: 'type cast': truncation from 'gmTableObject *' to 'gmptr'
e:\uad\6to\chemonky\createworlds\gamemonkey\gmthread.h(310): warning C4311: 'type cast': pointer truncation from 'gmFunctionObject *' to 'gmptr'
e:\uad\6to\chemonky\createworlds\gamemonkey\gmthread.h(310): warning C4302: 'type cast': truncation from 'gmFunctionObject *' to 'gmptr'
e:\uad\6to\chemonky\createworlds\gamemonkey\gmthread.h(324): warning C4311: 'type cast': pointer truncation from 'gmStringObject *' to 'gmptr'
e:\uad\6to\chemonky\createworlds\gamemonkey\gmthread.h(324): warning C4302: 'type cast': truncation from 'gmStringObject *' to 'gmptr'
e:\uad\6to\chemonky\createworlds\gamemonkey\gmthread.h(324): warning C4312: 'type cast': conversion from 'gmptr' to 'gmStringObject *' of greater size
e:\uad\6to\chemonky\createworlds\gamemonkey\gmthread.h(331): warning C4311: 'type cast': pointer truncation from 'gmTableObject *' to 'gmptr'
e:\uad\6to\chemonky\createworlds\gamemonkey\gmthread.h(331): warning C4302: 'type cast': truncation from 'gmTableObject *' to 'gmptr'
e:\uad\6to\chemonky\createworlds\gamemonkey\gmthread.h(331): warning C4312: 'type cast': conversion from 'gmptr' to 'gmTableObject *' of greater size
e:\uad\6to\chemonky\createworlds\gamemonkey\gmthread.h(338): warning C4311: 'type cast': pointer truncation from 'gmUserObject *' to 'gmptr'
e:\uad\6to\chemonky\createworlds\gamemonkey\gmthread.h(338): warning C4302: 'type cast': truncation from 'gmUserObject *' to 'gmptr'
e:\uad\6to\chemonky\createworlds\gamemonkey\gmthread.h(338): warning C4312: 'type cast': conversion from 'gmptr' to 'gmUserObject *' of greater size
  gmMachine.cpp
e:\uad\6to\chemonky\createworlds\gamemonkey\gmvariable.h(165): warning C4311: 'type cast': pointer truncation from 'const gmObject *const ' to 'gmptr'
e:\uad\6to\chemonky\createworlds\gamemonkey\gmvariable.h(165): warning C4302: 'type cast': truncation from 'const gmObject *const ' to 'gmptr'
e:\uad\6to\chemonky\createworlds\gamemonkey\gmvariable.h(249): warning C4312: 'type cast': conversion from 'const gmptr' to 'gmStringObject *' of greater size
e:\uad\6to\chemonky\createworlds\gamemonkey\gmvariable.h(259): warning C4312: 'type cast': conversion from 'const gmptr' to 'gmTableObject *' of greater size
e:\uad\6to\chemonky\createworlds\gamemonkey\gmvariable.h(268): warning C4312: 'type cast': conversion from 'const gmptr' to 'gmFunctionObject *' of greater size
e:\uad\6to\chemonky\createworlds\gamemonkey\gmhash.h(174): warning C4311: 'type cast': pointer truncation from 'const void *' to 'gmuint'
e:\uad\6to\chemonky\createworlds\gamemonkey\gmhash.h(174): warning C4302: 'type cast': truncation from 'const void *' to 'gmuint'
e:\uad\6to\chemonky\createworlds\gamemonkey\gmmachine.h(690): warning C4312: 'type cast': conversion from 'gmptr' to 'gmObject *' of greater size
e:\uad\6to\chemonky\createworlds\gamemonkey\gmthread.h(296): warning C4311: 'type cast': pointer truncation from 'gmStringObject *' to 'gmptr'
e:\uad\6to\chemonky\createworlds\gamemonkey\gmthread.h(296): warning C4302: 'type cast': truncation from 'gmStringObject *' to 'gmptr'
e:\uad\6to\chemonky\createworlds\gamemonkey\gmthread.h(303): warning C4311: 'type cast': pointer truncation from 'gmTableObject *' to 'gmptr'
e:\uad\6to\chemonky\createworlds\gamemonkey\gmthread.h(303): warning C4302: 'type cast': truncation from 'gmTableObject *' to 'gmptr'
e:\uad\6to\chemonky\createworlds\gamemonkey\gmthread.h(310): warning C4311: 'type cast': pointer truncation from 'gmFunctionObject *' to 'gmptr'
e:\uad\6to\chemonky\createworlds\gamemonkey\gmthread.h(310): warning C4302: 'type cast': truncation from 'gmFunctionObject *' to 'gmptr'
e:\uad\6to\chemonky\createworlds\gamemonkey\gmthread.h(324): warning C4311: 'type cast': pointer truncation from 'gmStringObject *' to 'gmptr'
e:\uad\6to\chemonky\createworlds\gamemonkey\gmthread.h(324): warning C4302: 'type cast': truncation from 'gmStringObject *' to 'gmptr'
e:\uad\6to\chemonky\createworlds\gamemonkey\gmthread.h(324): warning C4312: 'type cast': conversion from 'gmptr' to 'gmStringObject *' of greater size
e:\uad\6to\chemonky\createworlds\gamemonkey\gmthread.h(331): warning C4311: 'type cast': pointer truncation from 'gmTableObject *' to 'gmptr'
e:\uad\6to\chemonky\createworlds\gamemonkey\gmthread.h(331): warning C4302: 'type cast': truncation from 'gmTableObject *' to 'gmptr'
e:\uad\6to\chemonky\createworlds\gamemonkey\gmthread.h(331): warning C4312: 'type cast': conversion from 'gmptr' to 'gmTableObject *' of greater size
e:\uad\6to\chemonky\createworlds\gamemonkey\gmthread.h(338): warning C4311: 'type cast': pointer truncation from 'gmUserObject *' to 'gmptr'
e:\uad\6to\chemonky\createworlds\gamemonkey\gmthread.h(338): warning C4302: 'type cast': truncation from 'gmUserObject *' to 'gmptr'
e:\uad\6to\chemonky\createworlds\gamemonkey\gmthread.h(338): warning C4312: 'type cast': conversion from 'gmptr' to 'gmUserObject *' of greater size
e:\uad\6to\chemonky\createworlds\gamemonkey\gmcodetree.h(64): error C2065: 'GM_DEFAULT_ALLOC_ALIGNMENT': undeclared identifier
e:\uad\6to\chemonky\createworlds\gamemonkey\gmmachine.cpp(133): error C3688: invalid literal suffix 'GM_NL'; literal operator or literal operator template 'operator ""GM_NL' not found
e:\uad\6to\chemonky\createworlds\gamemonkey\gmmachine.cpp(415): warning C4312: 'type cast': conversion from 'gmptr' to 'gmTableObject *' of greater size
e:\uad\6to\chemonky\createworlds\gamemonkey\gmmachine.cpp(423): warning C4311: 'type cast': pointer truncation from 'gmTableObject *' to 'gmptr'
e:\uad\6to\chemonky\createworlds\gamemonkey\gmmachine.cpp(423): warning C4302: 'type cast': truncation from 'gmTableObject *' to 'gmptr'
e:\uad\6to\chemonky\createworlds\gamemonkey\gmmachine.cpp(443): warning C4311: 'type cast': pointer truncation from 'gmFunctionObject *' to 'gmptr'
e:\uad\6to\chemonky\createworlds\gamemonkey\gmmachine.cpp(443): warning C4302: 'type cast': truncation from 'gmFunctionObject *' to 'gmptr'
e:\uad\6to\chemonky\createworlds\gamemonkey\gmmachine.cpp(459): warning C4311: 'type cast': pointer truncation from 'gmFunctionObject *' to 'gmptr'
e:\uad\6to\chemonky\createworlds\gamemonkey\gmmachine.cpp(459): warning C4302: 'type cast': truncation from 'gmFunctionObject *' to 'gmptr'
e:\uad\6to\chemonky\createworlds\gamemonkey\gmmachine.cpp(625): warning C4311: 'type cast': pointer truncation from 'gmFunctionObject *' to 'gmptr'
e:\uad\6to\chemonky\createworlds\gamemonkey\gmmachine.cpp(625): warning C4302: 'type cast': truncation from 'gmFunctionObject *' to 'gmptr'
e:\uad\6to\chemonky\createworlds\gamemonkey\gmmachine.cpp(2005): warning C4311: 'type cast': pointer truncation from 'gmFunctionObject *' to 'gmptr'
e:\uad\6to\chemonky\createworlds\gamemonkey\gmmachine.cpp(2005): warning C4302: 'type cast': truncation from 'gmFunctionObject *' to 'gmptr'
e:\uad\6to\chemonky\createworlds\gamemonkey\gmmachine.cpp(2012): warning C4311: 'type cast': pointer truncation from 'gmStringObject *' to 'gmptr'
e:\uad\6to\chemonky\createworlds\gamemonkey\gmmachine.cpp(2012): warning C4302: 'type cast': truncation from 'gmStringObject *' to 'gmptr'
e:\uad\6to\chemonky\createworlds\gamemonkey\gmmachine.cpp(2019): warning C4311: 'type cast': pointer truncation from 'gmStringObject *' to 'gmptr'
e:\uad\6to\chemonky\createworlds\gamemonkey\gmmachine.cpp(2019): warning C4302: 'type cast': truncation from 'gmStringObject *' to 'gmptr'
  gmLog.cpp
e:\uad\6to\chemonky\createworlds\gamemonkey\gmlog.cpp(62): error C2059: syntax error: ')'
e:\uad\6to\chemonky\createworlds\gamemonkey\gmlog.cpp(70): error C2065: 'GM_DEFAULT_ALLOC_ALIGNMENT': undeclared identifier
e:\uad\6to\chemonky\createworlds\gamemonkey\gmlog.cpp(73): error C2065: 'GM_DEFAULT_ALLOC_ALIGNMENT': undeclared identifier
  gmListDouble.cpp
  gmLibHooks.cpp
e:\uad\6to\chemonky\createworlds\gamemonkey\gmvariable.h(165): warning C4311: 'type cast': pointer truncation from 'const gmObject *const ' to 'gmptr'
e:\uad\6to\chemonky\createworlds\gamemonkey\gmvariable.h(165): warning C4302: 'type cast': truncation from 'const gmObject *const ' to 'gmptr'
e:\uad\6to\chemonky\createworlds\gamemonkey\gmvariable.h(249): warning C4312: 'type cast': conversion from 'const gmptr' to 'gmStringObject *' of greater size
e:\uad\6to\chemonky\createworlds\gamemonkey\gmvariable.h(259): warning C4312: 'type cast': conversion from 'const gmptr' to 'gmTableObject *' of greater size
e:\uad\6to\chemonky\createworlds\gamemonkey\gmvariable.h(268): warning C4312: 'type cast': conversion from 'const gmptr' to 'gmFunctionObject *' of greater size
e:\uad\6to\chemonky\createworlds\gamemonkey\gmhash.h(174): warning C4311: 'type cast': pointer truncation from 'const void *' to 'gmuint'
e:\uad\6to\chemonky\createworlds\gamemonkey\gmhash.h(174): warning C4302: 'type cast': truncation from 'const void *' to 'gmuint'
e:\uad\6to\chemonky\createworlds\gamemonkey\gmmachine.h(690): warning C4312: 'type cast': conversion from 'gmptr' to 'gmObject *' of greater size
e:\uad\6to\chemonky\createworlds\gamemonkey\gmlibhooks.cpp(171): error C2065: 'GM_DEFAULT_ALLOC_ALIGNMENT': undeclared identifier
e:\uad\6to\chemonky\createworlds\gamemonkey\gmlibhooks.cpp(172): error C2065: 'GM_DEFAULT_ALLOC_ALIGNMENT': undeclared identifier
  gmIncGC.cpp
e:\uad\6to\chemonky\createworlds\gamemonkey\gmvariable.h(165): warning C4311: 'type cast': pointer truncation from 'const gmObject *const ' to 'gmptr'
e:\uad\6to\chemonky\createworlds\gamemonkey\gmvariable.h(165): warning C4302: 'type cast': truncation from 'const gmObject *const ' to 'gmptr'
e:\uad\6to\chemonky\createworlds\gamemonkey\gmvariable.h(249): warning C4312: 'type cast': conversion from 'const gmptr' to 'gmStringObject *' of greater size
e:\uad\6to\chemonky\createworlds\gamemonkey\gmvariable.h(259): warning C4312: 'type cast': conversion from 'const gmptr' to 'gmTableObject *' of greater size
e:\uad\6to\chemonky\createworlds\gamemonkey\gmvariable.h(268): warning C4312: 'type cast': conversion from 'const gmptr' to 'gmFunctionObject *' of greater size
e:\uad\6to\chemonky\createworlds\gamemonkey\gmincgc.cpp(846): warning C4311: 'type cast': pointer truncation from 'gmObject *' to 'gmptr'
e:\uad\6to\chemonky\createworlds\gamemonkey\gmincgc.cpp(846): warning C4302: 'type cast': truncation from 'gmObject *' to 'gmptr'
e:\uad\6to\chemonky\createworlds\gamemonkey\gmincgc.cpp(858): warning C4311: 'type cast': pointer truncation from 'gmObject *' to 'gmptr'
e:\uad\6to\chemonky\createworlds\gamemonkey\gmincgc.cpp(858): warning C4302: 'type cast': truncation from 'gmObject *' to 'gmptr'
e:\uad\6to\chemonky\createworlds\gamemonkey\gmincgc.cpp(870): warning C4311: 'type cast': pointer truncation from 'gmObject *' to 'gmptr'
e:\uad\6to\chemonky\createworlds\gamemonkey\gmincgc.cpp(870): warning C4302: 'type cast': truncation from 'gmObject *' to 'gmptr'
  gmHash.cpp
e:\uad\6to\chemonky\createworlds\gamemonkey\gmhash.h(174): warning C4311: 'type cast': pointer truncation from 'const void *' to 'gmuint'
e:\uad\6to\chemonky\createworlds\gamemonkey\gmhash.h(174): warning C4302: 'type cast': truncation from 'const void *' to 'gmuint'
  Generating Code...
  Compiling...
  gmFunctionObject.cpp
e:\uad\6to\chemonky\createworlds\gamemonkey\gmvariable.h(165): warning C4311: 'type cast': pointer truncation from 'const gmObject *const ' to 'gmptr'
e:\uad\6to\chemonky\createworlds\gamemonkey\gmvariable.h(165): warning C4302: 'type cast': truncation from 'const gmObject *const ' to 'gmptr'
e:\uad\6to\chemonky\createworlds\gamemonkey\gmvariable.h(249): warning C4312: 'type cast': conversion from 'const gmptr' to 'gmStringObject *' of greater size
e:\uad\6to\chemonky\createworlds\gamemonkey\gmvariable.h(259): warning C4312: 'type cast': conversion from 'const gmptr' to 'gmTableObject *' of greater size
e:\uad\6to\chemonky\createworlds\gamemonkey\gmvariable.h(268): warning C4312: 'type cast': conversion from 'const gmptr' to 'gmFunctionObject *' of greater size
e:\uad\6to\chemonky\createworlds\gamemonkey\gmhash.h(174): warning C4311: 'type cast': pointer truncation from 'const void *' to 'gmuint'
e:\uad\6to\chemonky\createworlds\gamemonkey\gmhash.h(174): warning C4302: 'type cast': truncation from 'const void *' to 'gmuint'
e:\uad\6to\chemonky\createworlds\gamemonkey\gmmachine.h(690): warning C4312: 'type cast': conversion from 'gmptr' to 'gmObject *' of greater size
  gmDebug.cpp
e:\uad\6to\chemonky\createworlds\gamemonkey\gmhash.h(174): warning C4311: 'type cast': pointer truncation from 'const void *' to 'gmuint'
e:\uad\6to\chemonky\createworlds\gamemonkey\gmhash.h(174): warning C4302: 'type cast': truncation from 'const void *' to 'gmuint'
e:\uad\6to\chemonky\createworlds\gamemonkey\gmvariable.h(165): warning C4311: 'type cast': pointer truncation from 'const gmObject *const ' to 'gmptr'
e:\uad\6to\chemonky\createworlds\gamemonkey\gmvariable.h(165): warning C4302: 'type cast': truncation from 'const gmObject *const ' to 'gmptr'
e:\uad\6to\chemonky\createworlds\gamemonkey\gmvariable.h(249): warning C4312: 'type cast': conversion from 'const gmptr' to 'gmStringObject *' of greater size
e:\uad\6to\chemonky\createworlds\gamemonkey\gmvariable.h(259): warning C4312: 'type cast': conversion from 'const gmptr' to 'gmTableObject *' of greater size
e:\uad\6to\chemonky\createworlds\gamemonkey\gmvariable.h(268): warning C4312: 'type cast': conversion from 'const gmptr' to 'gmFunctionObject *' of greater size
e:\uad\6to\chemonky\createworlds\gamemonkey\gmmachine.h(690): warning C4312: 'type cast': conversion from 'gmptr' to 'gmObject *' of greater size
e:\uad\6to\chemonky\createworlds\gamemonkey\gmthread.h(296): warning C4311: 'type cast': pointer truncation from 'gmStringObject *' to 'gmptr'
e:\uad\6to\chemonky\createworlds\gamemonkey\gmthread.h(296): warning C4302: 'type cast': truncation from 'gmStringObject *' to 'gmptr'
e:\uad\6to\chemonky\createworlds\gamemonkey\gmthread.h(303): warning C4311: 'type cast': pointer truncation from 'gmTableObject *' to 'gmptr'
e:\uad\6to\chemonky\createworlds\gamemonkey\gmthread.h(303): warning C4302: 'type cast': truncation from 'gmTableObject *' to 'gmptr'
e:\uad\6to\chemonky\createworlds\gamemonkey\gmthread.h(310): warning C4311: 'type cast': pointer truncation from 'gmFunctionObject *' to 'gmptr'
e:\uad\6to\chemonky\createworlds\gamemonkey\gmthread.h(310): warning C4302: 'type cast': truncation from 'gmFunctionObject *' to 'gmptr'
e:\uad\6to\chemonky\createworlds\gamemonkey\gmthread.h(324): warning C4311: 'type cast': pointer truncation from 'gmStringObject *' to 'gmptr'
e:\uad\6to\chemonky\createworlds\gamemonkey\gmthread.h(324): warning C4302: 'type cast': truncation from 'gmStringObject *' to 'gmptr'
e:\uad\6to\chemonky\createworlds\gamemonkey\gmthread.h(324): warning C4312: 'type cast': conversion from 'gmptr' to 'gmStringObject *' of greater size
e:\uad\6to\chemonky\createworlds\gamemonkey\gmthread.h(331): warning C4311: 'type cast': pointer truncation from 'gmTableObject *' to 'gmptr'
e:\uad\6to\chemonky\createworlds\gamemonkey\gmthread.h(331): warning C4302: 'type cast': truncation from 'gmTableObject *' to 'gmptr'
e:\uad\6to\chemonky\createworlds\gamemonkey\gmthread.h(331): warning C4312: 'type cast': conversion from 'gmptr' to 'gmTableObject *' of greater size
e:\uad\6to\chemonky\createworlds\gamemonkey\gmthread.h(338): warning C4311: 'type cast': pointer truncation from 'gmUserObject *' to 'gmptr'
e:\uad\6to\chemonky\createworlds\gamemonkey\gmthread.h(338): warning C4302: 'type cast': truncation from 'gmUserObject *' to 'gmptr'
e:\uad\6to\chemonky\createworlds\gamemonkey\gmthread.h(338): warning C4312: 'type cast': conversion from 'gmptr' to 'gmUserObject *' of greater size
  gmCrc.cpp
  gmCodeTree.cpp
e:\uad\6to\chemonky\createworlds\gamemonkey\gmcodetree.h(64): error C2065: 'GM_DEFAULT_ALLOC_ALIGNMENT': undeclared identifier
e:\uad\6to\chemonky\createworlds\gamemonkey\gmcodetree.cpp(174): error C3688: invalid literal suffix 'GM_NL'; literal operator or literal operator template 'operator ""GM_NL' not found
e:\uad\6to\chemonky\createworlds\gamemonkey\gmcodetree.cpp(174): error C2664: 'int fprintf(FILE *const ,const char *const ,...)': cannot convert argument 2 from 'const int' to 'const char *const '
  e:\uad\6to\chemonky\createworlds\gamemonkey\gmcodetree.cpp(174): note: Conversion from integral type to pointer type requires reinterpret_cast, C-style cast or function-style cast
e:\uad\6to\chemonky\createworlds\gamemonkey\gmcodetree.cpp(175): error C3688: invalid literal suffix 'GM_NL'; literal operator or literal operator template 'operator ""GM_NL' not found
e:\uad\6to\chemonky\createworlds\gamemonkey\gmcodetree.cpp(175): error C2664: 'int fprintf(FILE *const ,const char *const ,...)': cannot convert argument 2 from 'const int' to 'const char *const '
  e:\uad\6to\chemonky\createworlds\gamemonkey\gmcodetree.cpp(175): note: Conversion from integral type to pointer type requires reinterpret_cast, C-style cast or function-style cast
e:\uad\6to\chemonky\createworlds\gamemonkey\gmcodetree.cpp(176): error C3688: invalid literal suffix 'GM_NL'; literal operator or literal operator template 'operator ""GM_NL' not found
e:\uad\6to\chemonky\createworlds\gamemonkey\gmcodetree.cpp(176): error C2660: 'fprintf': function does not take 1 arguments
e:\uad\6to\chemonky\createworlds\gamemonkey\gmcodetree.cpp(186): error C3688: invalid literal suffix 'GM_NL'; literal operator or literal operator template 'operator ""GM_NL' not found
e:\uad\6to\chemonky\createworlds\gamemonkey\gmcodetree.cpp(186): error C2664: 'int fprintf(FILE *const ,const char *const ,...)': cannot convert argument 2 from 'const int' to 'const char *const '
  e:\uad\6to\chemonky\createworlds\gamemonkey\gmcodetree.cpp(186): note: Conversion from integral type to pointer type requires reinterpret_cast, C-style cast or function-style cast
e:\uad\6to\chemonky\createworlds\gamemonkey\gmcodetree.cpp(187): error C3688: invalid literal suffix 'GM_NL'; literal operator or literal operator template 'operator ""GM_NL' not found
e:\uad\6to\chemonky\createworlds\gamemonkey\gmcodetree.cpp(187): error C2664: 'int fprintf(FILE *const ,const char *const ,...)': cannot convert argument 2 from 'const int' to 'const char *const '
  e:\uad\6to\chemonky\createworlds\gamemonkey\gmcodetree.cpp(187): note: Conversion from integral type to pointer type requires reinterpret_cast, C-style cast or function-style cast
e:\uad\6to\chemonky\createworlds\gamemonkey\gmcodetree.cpp(188): error C3688: invalid literal suffix 'GM_NL'; literal operator or literal operator template 'operator ""GM_NL' not found
e:\uad\6to\chemonky\createworlds\gamemonkey\gmcodetree.cpp(188): error C2664: 'int fprintf(FILE *const ,const char *const ,...)': cannot convert argument 2 from 'const int' to 'const char *const '
  e:\uad\6to\chemonky\createworlds\gamemonkey\gmcodetree.cpp(188): note: Conversion from integral type to pointer type requires reinterpret_cast, C-style cast or function-style cast
e:\uad\6to\chemonky\createworlds\gamemonkey\gmcodetree.cpp(189): error C3688: invalid literal suffix 'GM_NL'; literal operator or literal operator template 'operator ""GM_NL' not found
e:\uad\6to\chemonky\createworlds\gamemonkey\gmcodetree.cpp(189): error C2664: 'int fprintf(FILE *const ,const char *const ,...)': cannot convert argument 2 from 'const int' to 'const char *const '
  e:\uad\6to\chemonky\createworlds\gamemonkey\gmcodetree.cpp(189): note: Conversion from integral type to pointer type requires reinterpret_cast, C-style cast or function-style cast
e:\uad\6to\chemonky\createworlds\gamemonkey\gmcodetree.cpp(190): error C3688: invalid literal suffix 'GM_NL'; literal operator or literal operator template 'operator ""GM_NL' not found
e:\uad\6to\chemonky\createworlds\gamemonkey\gmcodetree.cpp(190): error C2664: 'int fprintf(FILE *const ,const char *const ,...)': cannot convert argument 2 from 'const int' to 'const char *const '
  e:\uad\6to\chemonky\createworlds\gamemonkey\gmcodetree.cpp(190): note: Conversion from integral type to pointer type requires reinterpret_cast, C-style cast or function-style cast
e:\uad\6to\chemonky\createworlds\gamemonkey\gmcodetree.cpp(191): error C3688: invalid literal suffix 'GM_NL'; literal operator or literal operator template 'operator ""GM_NL' not found
e:\uad\6to\chemonky\createworlds\gamemonkey\gmcodetree.cpp(191): error C2664: 'int fprintf(FILE *const ,const char *const ,...)': cannot convert argument 2 from 'const int' to 'const char *const '
  e:\uad\6to\chemonky\createworlds\gamemonkey\gmcodetree.cpp(191): note: Conversion from integral type to pointer type requires reinterpret_cast, C-style cast or function-style cast
e:\uad\6to\chemonky\createworlds\gamemonkey\gmcodetree.cpp(192): error C3688: invalid literal suffix 'GM_NL'; literal operator or literal operator template 'operator ""GM_NL' not found
e:\uad\6to\chemonky\createworlds\gamemonkey\gmcodetree.cpp(192): error C2664: 'int fprintf(FILE *const ,const char *const ,...)': cannot convert argument 2 from 'const int' to 'const char *const '
  e:\uad\6to\chemonky\createworlds\gamemonkey\gmcodetree.cpp(192): note: Conversion from integral type to pointer type requires reinterpret_cast, C-style cast or function-style cast
e:\uad\6to\chemonky\createworlds\gamemonkey\gmcodetree.cpp(193): error C3688: invalid literal suffix 'GM_NL'; literal operator or literal operator template 'operator ""GM_NL' not found
e:\uad\6to\chemonky\createworlds\gamemonkey\gmcodetree.cpp(193): error C2664: 'int fprintf(FILE *const ,const char *const ,...)': cannot convert argument 2 from 'const int' to 'const char *const '
  e:\uad\6to\chemonky\createworlds\gamemonkey\gmcodetree.cpp(193): note: Conversion from integral type to pointer type requires reinterpret_cast, C-style cast or function-style cast
e:\uad\6to\chemonky\createworlds\gamemonkey\gmcodetree.cpp(194): error C3688: invalid literal suffix 'GM_NL'; literal operator or literal operator template 'operator ""GM_NL' not found
e:\uad\6to\chemonky\createworlds\gamemonkey\gmcodetree.cpp(194): error C2664: 'int fprintf(FILE *const ,const char *const ,...)': cannot convert argument 2 from 'const int' to 'const char *const '
  e:\uad\6to\chemonky\createworlds\gamemonkey\gmcodetree.cpp(194): note: Conversion from integral type to pointer type requires reinterpret_cast, C-style cast or function-style cast
e:\uad\6to\chemonky\createworlds\gamemonkey\gmcodetree.cpp(196): error C3688: invalid literal suffix 'GM_NL'; literal operator or literal operator template 'operator ""GM_NL' not found
e:\uad\6to\chemonky\createworlds\gamemonkey\gmcodetree.cpp(196): error C2664: 'int fprintf(FILE *const ,const char *const ,...)': cannot convert argument 2 from 'const int' to 'const char *const '
  e:\uad\6to\chemonky\createworlds\gamemonkey\gmcodetree.cpp(196): note: Conversion from integral type to pointer type requires reinterpret_cast, C-style cast or function-style cast
e:\uad\6to\chemonky\createworlds\gamemonkey\gmcodetree.cpp(198): error C3688: invalid literal suffix 'GM_NL'; literal operator or literal operator template 'operator ""GM_NL' not found
e:\uad\6to\chemonky\createworlds\gamemonkey\gmcodetree.cpp(198): error C2660: 'fprintf': function does not take 1 arguments
e:\uad\6to\chemonky\createworlds\gamemonkey\gmcodetree.cpp(212): error C3688: invalid literal suffix 'GM_NL'; literal operator or literal operator template 'operator ""GM_NL' not found
e:\uad\6to\chemonky\createworlds\gamemonkey\gmcodetree.cpp(212): error C2664: 'int fprintf(FILE *const ,const char *const ,...)': cannot convert argument 2 from 'const int' to 'const char *const '
  e:\uad\6to\chemonky\createworlds\gamemonkey\gmcodetree.cpp(212): note: Conversion from integral type to pointer type requires reinterpret_cast, C-style cast or function-style cast
e:\uad\6to\chemonky\createworlds\gamemonkey\gmcodetree.cpp(216): error C3688: invalid literal suffix 'GM_NL'; literal operator or literal operator template 'operator ""GM_NL' not found
e:\uad\6to\chemonky\createworlds\gamemonkey\gmcodetree.cpp(216): error C2660: 'fprintf': function does not take 1 arguments
e:\uad\6to\chemonky\createworlds\gamemonkey\gmcodetree.cpp(225): error C3688: invalid literal suffix 'GM_NL'; literal operator or literal operator template 'operator ""GM_NL' not found
e:\uad\6to\chemonky\createworlds\gamemonkey\gmcodetree.cpp(225): error C2664: 'int fprintf(FILE *const ,const char *const ,...)': cannot convert argument 2 from 'const int' to 'const char *const '
  e:\uad\6to\chemonky\createworlds\gamemonkey\gmcodetree.cpp(225): note: Conversion from integral type to pointer type requires reinterpret_cast, C-style cast or function-style cast
e:\uad\6to\chemonky\createworlds\gamemonkey\gmcodetree.cpp(226): error C3688: invalid literal suffix 'GM_NL'; literal operator or literal operator template 'operator ""GM_NL' not found
e:\uad\6to\chemonky\createworlds\gamemonkey\gmcodetree.cpp(226): error C2664: 'int fprintf(FILE *const ,const char *const ,...)': cannot convert argument 2 from 'const int' to 'const char *const '
  e:\uad\6to\chemonky\createworlds\gamemonkey\gmcodetree.cpp(226): note: Conversion from integral type to pointer type requires reinterpret_cast, C-style cast or function-style cast
e:\uad\6to\chemonky\createworlds\gamemonkey\gmcodetree.cpp(227): error C3688: invalid literal suffix 'GM_NL'; literal operator or literal operator template 'operator ""GM_NL' not found
e:\uad\6to\chemonky\createworlds\gamemonkey\gmcodetree.cpp(227): error C2664: 'int fprintf(FILE *const ,const char *const ,...)': cannot convert argument 2 from 'const int' to 'const char *const '
  e:\uad\6to\chemonky\createworlds\gamemonkey\gmcodetree.cpp(227): note: Conversion from integral type to pointer type requires reinterpret_cast, C-style cast or function-style cast
e:\uad\6to\chemonky\createworlds\gamemonkey\gmcodetree.cpp(228): error C3688: invalid literal suffix 'GM_NL'; literal operator or literal operator template 'operator ""GM_NL' not found
e:\uad\6to\chemonky\createworlds\gamemonkey\gmcodetree.cpp(228): error C2664: 'int fprintf(FILE *const ,const char *const ,...)': cannot convert argument 2 from 'const int' to 'const char *const '
  e:\uad\6to\chemonky\createworlds\gamemonkey\gmcodetree.cpp(228): note: Conversion from integral type to pointer type requires reinterpret_cast, C-style cast or function-style cast
e:\uad\6to\chemonky\createworlds\gamemonkey\gmcodetree.cpp(229): error C3688: invalid literal suffix 'GM_NL'; literal operator or literal operator template 'operator ""GM_NL' not found
e:\uad\6to\chemonky\createworlds\gamemonkey\gmcodetree.cpp(229): error C2660: 'fprintf': function does not take 1 arguments
e:\uad\6to\chemonky\createworlds\gamemonkey\gmcodetree.cpp(234): error C3688: invalid literal suffix 'GM_NL'; literal operator or literal operator template 'operator ""GM_NL' not found
e:\uad\6to\chemonky\createworlds\gamemonkey\gmcodetree.cpp(234): error C2664: 'int fprintf(FILE *const ,const char *const ,...)': cannot convert argument 2 from 'const int' to 'const char *const '
  e:\uad\6to\chemonky\createworlds\gamemonkey\gmcodetree.cpp(234): note: Conversion from integral type to pointer type requires reinterpret_cast, C-style cast or function-style cast
e:\uad\6to\chemonky\createworlds\gamemonkey\gmcodetree.cpp(235): error C3688: invalid literal suffix 'GM_NL'; literal operator or literal operator template 'operator ""GM_NL' not found
e:\uad\6to\chemonky\createworlds\gamemonkey\gmcodetree.cpp(235): error C2664: 'int fprintf(FILE *const ,const char *const ,...)': cannot convert argument 2 from 'const int' to 'const char *const '
  e:\uad\6to\chemonky\createworlds\gamemonkey\gmcodetree.cpp(235): note: Conversion from integral type to pointer type requires reinterpret_cast, C-style cast or function-style cast
e:\uad\6to\chemonky\createworlds\gamemonkey\gmcodetree.cpp(236): error C3688: invalid literal suffix 'GM_NL'; literal operator or literal operator template 'operator ""GM_NL' not found
e:\uad\6to\chemonky\createworlds\gamemonkey\gmcodetree.cpp(236): error C2664: 'int fprintf(FILE *const ,const char *const ,...)': cannot convert argument 2 from 'const int' to 'const char *const '
  e:\uad\6to\chemonky\createworlds\gamemonkey\gmcodetree.cpp(236): note: Conversion from integral type to pointer type requires reinterpret_cast, C-style cast or function-style cast
e:\uad\6to\chemonky\createworlds\gamemonkey\gmcodetree.cpp(237): error C3688: invalid literal suffix 'GM_NL'; literal operator or literal operator template 'operator ""GM_NL' not found
e:\uad\6to\chemonky\createworlds\gamemonkey\gmcodetree.cpp(237): error C2664: 'int fprintf(FILE *const ,const char *const ,...)': cannot convert argument 2 from 'const int' to 'const char *const '
  e:\uad\6to\chemonky\createworlds\gamemonkey\gmcodetree.cpp(237): note: Conversion from integral type to pointer type requires reinterpret_cast, C-style cast or function-style cast
e:\uad\6to\chemonky\createworlds\gamemonkey\gmcodetree.cpp(238): error C3688: invalid literal suffix 'GM_NL'; literal operator or literal operator template 'operator ""GM_NL' not found
e:\uad\6to\chemonky\createworlds\gamemonkey\gmcodetree.cpp(238): error C2664: 'int fprintf(FILE *const ,const char *const ,...)': cannot convert argument 2 from 'const int' to 'const char *const '
  e:\uad\6to\chemonky\createworlds\gamemonkey\gmcodetree.cpp(238): note: Conversion from integral type to pointer type requires reinterpret_cast, C-style cast or function-style cast
e:\uad\6to\chemonky\createworlds\gamemonkey\gmcodetree.cpp(239): error C3688: invalid literal suffix 'GM_NL'; literal operator or literal operator template 'operator ""GM_NL' not found
e:\uad\6to\chemonky\createworlds\gamemonkey\gmcodetree.cpp(239): error C2660: 'fprintf': function does not take 1 arguments
e:\uad\6to\chemonky\createworlds\gamemonkey\gmcodetree.cpp(244): error C3688: invalid literal suffix 'GM_NL'; literal operator or literal operator template 'operator ""GM_NL' not found
e:\uad\6to\chemonky\createworlds\gamemonkey\gmcodetree.cpp(244): error C2660: 'fprintf': function does not take 1 arguments
e:\uad\6to\chemonky\createworlds\gamemonkey\gmcodetree.cpp(279): error C2065: 'GM_DEFAULT_ALLOC_ALIGNMENT': undeclared identifier
  gmCodeGenHooks.cpp
  gmCodeGen.cpp
e:\uad\6to\chemonky\createworlds\gamemonkey\gmcodetree.h(64): error C2065: 'GM_DEFAULT_ALLOC_ALIGNMENT': undeclared identifier
  gmByteCodeGen.cpp
  gmByteCode.cpp
e:\uad\6to\chemonky\createworlds\gamemonkey\gmbytecode.cpp(119): error C3688: invalid literal suffix 'GM_NL'; literal operator or literal operator template 'operator ""GM_NL' not found
e:\uad\6to\chemonky\createworlds\gamemonkey\gmbytecode.cpp(119): error C2664: 'int fprintf(FILE *const ,const char *const ,...)': cannot convert argument 2 from 'int' to 'const char *const '
  e:\uad\6to\chemonky\createworlds\gamemonkey\gmbytecode.cpp(119): note: Conversion from integral type to pointer type requires reinterpret_cast, C-style cast or function-style cast
e:\uad\6to\chemonky\createworlds\gamemonkey\gmbytecode.cpp(125): error C3688: invalid literal suffix 'GM_NL'; literal operator or literal operator template 'operator ""GM_NL' not found
e:\uad\6to\chemonky\createworlds\gamemonkey\gmbytecode.cpp(125): error C2664: 'int fprintf(FILE *const ,const char *const ,...)': cannot convert argument 2 from 'int' to 'const char *const '
  e:\uad\6to\chemonky\createworlds\gamemonkey\gmbytecode.cpp(125): note: Conversion from integral type to pointer type requires reinterpret_cast, C-style cast or function-style cast
e:\uad\6to\chemonky\createworlds\gamemonkey\gmbytecode.cpp(131): error C3688: invalid literal suffix 'GM_NL'; literal operator or literal operator template 'operator ""GM_NL' not found
e:\uad\6to\chemonky\createworlds\gamemonkey\gmbytecode.cpp(131): error C2664: 'int fprintf(FILE *const ,const char *const ,...)': cannot convert argument 2 from 'int' to 'const char *const '
  e:\uad\6to\chemonky\createworlds\gamemonkey\gmbytecode.cpp(131): note: Conversion from integral type to pointer type requires reinterpret_cast, C-style cast or function-style cast
e:\uad\6to\chemonky\createworlds\gamemonkey\gmbytecode.cpp(135): error C3688: invalid literal suffix 'GM_NL'; literal operator or literal operator template 'operator ""GM_NL' not found
e:\uad\6to\chemonky\createworlds\gamemonkey\gmbytecode.cpp(135): error C2664: 'int fprintf(FILE *const ,const char *const ,...)': cannot convert argument 2 from 'int' to 'const char *const '
  e:\uad\6to\chemonky\createworlds\gamemonkey\gmbytecode.cpp(135): note: Conversion from integral type to pointer type requires reinterpret_cast, C-style cast or function-style cast
  gmArraySimple.cpp
  Generating Code...
