e:\uad\6to\chemonky\createworlds\gamemonkey\x64\debug\gamemonkey.pdb
e:\uad\6to\chemonky\createworlds\gamemonkey\x64\debug\gamemonkey.idb
e:\uad\6to\chemonky\createworlds\gamemonkey\x64\debug\gmhash.obj
e:\uad\6to\chemonky\createworlds\gamemonkey\x64\debug\gmincgc.obj
e:\uad\6to\chemonky\createworlds\gamemonkey\x64\debug\gmlistdouble.obj
e:\uad\6to\chemonky\createworlds\gamemonkey\x64\debug\gmmachinelib.obj
e:\uad\6to\chemonky\createworlds\gamemonkey\x64\debug\gmmem.obj
e:\uad\6to\chemonky\createworlds\gamemonkey\x64\debug\gmmemchain.obj
e:\uad\6to\chemonky\createworlds\gamemonkey\x64\debug\gmmemfixed.obj
e:\uad\6to\chemonky\createworlds\gamemonkey\x64\debug\gmmemfixedset.obj
e:\uad\6to\chemonky\createworlds\gamemonkey\x64\debug\gmoperators.obj
e:\uad\6to\chemonky\createworlds\gamemonkey\x64\debug\gmstream.obj
e:\uad\6to\chemonky\createworlds\gamemonkey\x64\debug\gmstreambuffer.obj
e:\uad\6to\chemonky\createworlds\gamemonkey\x64\debug\gmstringobject.obj
e:\uad\6to\chemonky\createworlds\gamemonkey\x64\debug\gmtableobject.obj
e:\uad\6to\chemonky\createworlds\gamemonkey\x64\debug\gmthread.obj
e:\uad\6to\chemonky\createworlds\gamemonkey\x64\debug\gmuserobject.obj
e:\uad\6to\chemonky\createworlds\gamemonkey\x64\debug\gmutil.obj
e:\uad\6to\chemonky\createworlds\gamemonkey\x64\debug\gmvariable.obj
e:\uad\6to\chemonky\createworlds\gamemonkey\x64\debug\gmarraysimple.obj
e:\uad\6to\chemonky\createworlds\gamemonkey\x64\debug\gmbytecodegen.obj
e:\uad\6to\chemonky\createworlds\gamemonkey\x64\debug\gmcodegenhooks.obj
e:\uad\6to\chemonky\createworlds\gamemonkey\x64\debug\gmcrc.obj
e:\uad\6to\chemonky\createworlds\gamemonkey\x64\debug\gmdebug.obj
e:\uad\6to\chemonky\createworlds\gamemonkey\x64\debug\gmfunctionobject.obj
e:\uad\6to\chemonky\createworlds\gamemonkey\x64\debug\gamemonkey.tlog\cl.command.1.tlog
e:\uad\6to\chemonky\createworlds\gamemonkey\x64\debug\gamemonkey.tlog\cl.read.1.tlog
e:\uad\6to\chemonky\createworlds\gamemonkey\x64\debug\gamemonkey.tlog\cl.write.1.tlog
